<?xml version="1.0" encoding="UTF-8"?>
<!-- Generated by org.testng.reporters.JUnitReportReporter -->
<testsuite hostname="Sangee-NEW" failures="0" tests="1" name="pack1.basic" time="12.719" errors="0" timestamp="09 Apr 2024 05:56:03 GMT" skipped="0">
  <testcase classname="pack1.basic" name="test1" time="12.719"/>
</testsuite> <!-- pack1.basic -->
